Arguments: 
  /Users/stevegalili/.nvm/versions/node/v18.0.0/bin/node /Users/stevegalili/.yarn/bin/yarn.js

PATH: 
  /Users/stevegalili/.rvm/gems/ruby-2.7.5/bin:/Users/stevegalili/.rvm/gems/ruby-2.7.5@global/bin:/Users/stevegalili/.rvm/rubies/ruby-2.7.5/bin:/Users/stevegalili/.yarn/bin:/Users/stevegalili/.config/yarn/global/node_modules/.bin:/Users/stevegalili/.nvm/versions/node/v18.0.0/bin:/opt/homebrew/bin:/usr/local/bin:/usr/bin:/bin:/usr/sbin:/sbin:/usr/local/go/bin:/Library/Apple/usr/bin:/Users/stevegalili/Library/Android/sdk/emulator:/Users/stevegalili/Library/Android/sdk/tools:/Users/stevegalili/Library/Android/sdk/tools/bin:/Users/stevegalili/Library/Android/sdk/platform-tools:/Users/stevegalili/.rvm/bin

Yarn version: 
  1.22.19

Node version: 
  18.0.0

Platform: 
  darwin arm64

Trace: 
  SyntaxError: /Users/stevegalili/Code/Stream/1062/package.json: Unexpected token } in JSON at position 329
      at JSON.parse (<anonymous>)
      at /Users/stevegalili/.yarn/lib/cli.js:1629:59
      at Generator.next (<anonymous>)
      at step (/Users/stevegalili/.yarn/lib/cli.js:310:30)
      at /Users/stevegalili/.yarn/lib/cli.js:321:13

npm manifest: 
  {
    "name": "1062",
    "version": "1.0.0",
    "description": "",
    "main": "index.js",
    "scripts": {
      "test": "echo \"Error: no test specified\" && exit 1"
    },
    "author": "",
    "license": "ISC"
    ,
    "dependencies": {
          "stream-chat": "^8.1.0",
          "stream-chat-react": "^10.3.1",
          "typescript": "^4.8.4",
    }
  }

yarn manifest: 
  No manifest

Lockfile: 
  # THIS IS AN AUTOGENERATED FILE. DO NOT EDIT THIS FILE DIRECTLY.
  # yarn lockfile v1
  
  
  typescript@^4.8.4:
    version "4.8.4"
    resolved "https://registry.yarnpkg.com/typescript/-/typescript-4.8.4.tgz#c464abca159669597be5f96b8943500b238e60e6"
    integrity sha512-QCh+85mCy+h0IGff8r5XWzOVSbBO+KfeYrMQh7NJ58QujwcE22u+NUSmUxqF+un70P9GXKxa2HCNiTTMJknyjQ==
